execve("./server", ["./server"], 0x7fff6ba84640 /* 43 vars */) = 0
brk(NULL)                               = 0x5652f349d000
access("/etc/ld.so.preload", R_OK)      = -1 ENOENT (Нет такого файла или каталога)
openat(AT_FDCWD, "/etc/ld.so.cache", O_RDONLY|O_CLOEXEC) = 3
fstat(3, {st_mode=S_IFREG|0644, st_size=82366, ...}) = 0
mmap(NULL, 82366, PROT_READ, MAP_PRIVATE, 3, 0) = 0x7f48a8ed0000
close(3)                                = 0
openat(AT_FDCWD, "/lib/x86_64-linux-gnu/libc.so.6", O_RDONLY|O_CLOEXEC) = 3
read(3, "\177ELF\2\1\1\3\0\0\0\0\0\0\0\0\3\0>\0\1\0\0\0@n\2\0\0\0\0\0"..., 832) = 832
fstat(3, {st_mode=S_IFREG|0755, st_size=1839792, ...}) = 0
mmap(NULL, 8192, PROT_READ|PROT_WRITE, MAP_PRIVATE|MAP_ANONYMOUS, -1, 0) = 0x7f48a8f17000
mmap(NULL, 1852680, PROT_READ, MAP_PRIVATE|MAP_DENYWRITE, 3, 0) = 0x7f48a8d08000
mprotect(0x7f48a8d2d000, 1662976, PROT_NONE) = 0
mmap(0x7f48a8d2d000, 1355776, PROT_READ|PROT_EXEC, MAP_PRIVATE|MAP_FIXED|MAP_DENYWRITE, 3, 0x25000) = 0x7f48a8d2d000
mmap(0x7f48a8e78000, 303104, PROT_READ, MAP_PRIVATE|MAP_FIXED|MAP_DENYWRITE, 3, 0x170000) = 0x7f48a8e78000
mmap(0x7f48a8ec3000, 24576, PROT_READ|PROT_WRITE, MAP_PRIVATE|MAP_FIXED|MAP_DENYWRITE, 3, 0x1ba000) = 0x7f48a8ec3000
mmap(0x7f48a8ec9000, 13576, PROT_READ|PROT_WRITE, MAP_PRIVATE|MAP_FIXED|MAP_ANONYMOUS, -1, 0) = 0x7f48a8ec9000
close(3)                                = 0
arch_prctl(ARCH_SET_FS, 0x7f48a8f18540) = 0
mprotect(0x7f48a8ec3000, 12288, PROT_READ) = 0
mprotect(0x5652f28d0000, 4096, PROT_READ) = 0
mprotect(0x7f48a8f12000, 4096, PROT_READ) = 0
munmap(0x7f48a8ed0000, 82366)           = 0
socket(AF_INET, SOCK_STREAM, IPPROTO_TCP) = 3
bind(3, {sa_family=AF_INET, sin_port=htons(12345), sin_addr=inet_addr("0.0.0.0")}, 16) = 0
listen(3, 4096)                         = 0
exit_group(0)                           = ?
+++ exited with 0 +++
